Started GET "/" for 127.0.0.1 at 2025-01-14 21:42:38 +0200
  [1m[35m (4.5ms)[0m  [1m[35mCREATE TABLE "schema_migrations" ("version" varchar NOT NULL PRIMARY KEY)[0m
  [1m[35m (0.2ms)[0m  [1m[35mCREATE TABLE "ar_internal_metadata" ("key" varchar NOT NULL PRIMARY KEY, "value" varchar, "created_at" datetime(6) NOT NULL, "updated_at" datetime(6) NOT NULL)[0m
  [1m[36mActiveRecord::SchemaMigration Load (0.1ms)[0m  [1m[34mSELECT "schema_migrations"."version" FROM "schema_migrations" ORDER BY "schema_migrations"."version" ASC[0m
Processing by Rails::WelcomeController#index as HTML
  Rendering /home/user/.rvm/gems/ruby-3.2.2/gems/railties-7.2.2.1/lib/rails/templates/rails/welcome/index.html.erb
  Rendered /home/user/.rvm/gems/ruby-3.2.2/gems/railties-7.2.2.1/lib/rails/templates/rails/welcome/index.html.erb (Duration: 3.2ms | GC: 2.4ms)
Completed 200 OK in 35ms (Views: 16.0ms | ActiveRecord: 0.0ms (0 queries, 0 cached) | GC: 18.5ms)


Started GET "/" for ::1 at 2025-01-14 21:53:10 +0200
  
NameError (uninitialized constant ApllicationController):
  
app/controllers/home_controller.rb:1:in `<main>'
Started GET "/" for ::1 at 2025-01-14 21:53:10 +0200
  
NameError (uninitialized constant ApllicationController):
  
app/controllers/home_controller.rb:1:in `<main>'
Started GET "/" for ::1 at 2025-01-14 21:53:27 +0200
Processing by HomeController#index as HTML
Completed 406 Not Acceptable in 13ms (ActiveRecord: 0.0ms (0 queries, 0 cached) | GC: 0.0ms)


  
ActionController::MissingExactTemplate (HomeController#index is missing a template for request formats: text/html):
  
actionpack (7.2.2.1) lib/action_controller/metal/implicit_render.rb:49:in `default_render'
actionpack (7.2.2.1) lib/action_controller/metal/basic_implicit_render.rb:9:in `send_action'
actionpack (7.2.2.1) lib/abstract_controller/base.rb:226:in `process_action'
actionpack (7.2.2.1) lib/action_controller/metal/rendering.rb:193:in `process_action'
actionpack (7.2.2.1) lib/abstract_controller/callbacks.rb:261:in `block in process_action'
activesupport (7.2.2.1) lib/active_support/callbacks.rb:121:in `block in run_callbacks'
turbo-rails (2.0.11) lib/turbo-rails.rb:24:in `with_request_id'
turbo-rails (2.0.11) app/controllers/concerns/turbo/request_id_tracking.rb:10:in `turbo_tracking_request_id'
activesupport (7.2.2.1) lib/active_support/callbacks.rb:130:in `block in run_callbacks'
actiontext (7.2.2.1) lib/action_text/rendering.rb:25:in `with_renderer'
actiontext (7.2.2.1) lib/action_text/engine.rb:71:in `block (4 levels) in <class:Engine>'
activesupport (7.2.2.1) lib/active_support/callbacks.rb:130:in `instance_exec'
activesupport (7.2.2.1) lib/active_support/callbacks.rb:130:in `block in run_callbacks'
activesupport (7.2.2.1) lib/active_support/callbacks.rb:141:in `run_callbacks'
actionpack (7.2.2.1) lib/abstract_controller/callbacks.rb:260:in `process_action'
actionpack (7.2.2.1) lib/action_controller/metal/rescue.rb:27:in `process_action'
actionpack (7.2.2.1) lib/action_controller/metal/instrumentation.rb:77:in `block in process_action'
activesupport (7.2.2.1) lib/active_support/notifications.rb:210:in `block in instrument'
activesupport (7.2.2.1) lib/active_support/notifications/instrumenter.rb:58:in `instrument'
activesupport (7.2.2.1) lib/active_support/notifications.rb:210:in `instrument'
actionpack (7.2.2.1) lib/action_controller/metal/instrumentation.rb:76:in `process_action'
actionpack (7.2.2.1) lib/action_controller/metal/params_wrapper.rb:259:in `process_action'
activerecord (7.2.2.1) lib/active_record/railties/controller_runtime.rb:39:in `process_action'
actionpack (7.2.2.1) lib/abstract_controller/base.rb:163:in `process'
actionview (7.2.2.1) lib/action_view/rendering.rb:40:in `process'
actionpack (7.2.2.1) lib/action_controller/metal.rb:252:in `dispatch'
actionpack (7.2.2.1) lib/action_controller/metal.rb:335:in `dispatch'
actionpack (7.2.2.1) lib/action_dispatch/routing/route_set.rb:67:in `dispatch'
actionpack (7.2.2.1) lib/action_dispatch/routing/route_set.rb:50:in `serve'
actionpack (7.2.2.1) lib/action_dispatch/journey/router.rb:53:in `block in serve'
actionpack (7.2.2.1) lib/action_dispatch/journey/router.rb:133:in `block in find_routes'
actionpack (7.2.2.1) lib/action_dispatch/journey/router.rb:126:in `each'
actionpack (7.2.2.1) lib/action_dispatch/journey/router.rb:126:in `find_routes'
actionpack (7.2.2.1) lib/action_dispatch/journey/router.rb:34:in `serve'
actionpack (7.2.2.1) lib/action_dispatch/routing/route_set.rb:896:in `call'
rack (3.1.8) lib/rack/tempfile_reaper.rb:20:in `call'
rack (3.1.8) lib/rack/etag.rb:29:in `call'
rack (3.1.8) lib/rack/conditional_get.rb:31:in `call'
rack (3.1.8) lib/rack/head.rb:15:in `call'
actionpack (7.2.2.1) lib/action_dispatch/http/permissions_policy.rb:38:in `call'
actionpack (7.2.2.1) lib/action_dispatch/http/content_security_policy.rb:38:in `call'
rack-session (2.1.0) lib/rack/session/abstract/id.rb:274:in `context'
rack-session (2.1.0) lib/rack/session/abstract/id.rb:268:in `call'
actionpack (7.2.2.1) lib/action_dispatch/middleware/cookies.rb:704:in `call'
activerecord (7.2.2.1) lib/active_record/migration.rb:674:in `call'
actionpack (7.2.2.1) lib/action_dispatch/middleware/callbacks.rb:31:in `block in call'
activesupport (7.2.2.1) lib/active_support/callbacks.rb:101:in `run_callbacks'
actionpack (7.2.2.1) lib/action_dispatch/middleware/callbacks.rb:30:in `call'
actionpack (7.2.2.1) lib/action_dispatch/middleware/executor.rb:16:in `call'
actionpack (7.2.2.1) lib/action_dispatch/middleware/actionable_exceptions.rb:18:in `call'
actionpack (7.2.2.1) lib/action_dispatch/middleware/debug_exceptions.rb:31:in `call'
web-console (4.2.1) lib/web_console/middleware.rb:132:in `call_app'
web-console (4.2.1) lib/web_console/middleware.rb:28:in `block in call'
web-console (4.2.1) lib/web_console/middleware.rb:17:in `catch'
web-console (4.2.1) lib/web_console/middleware.rb:17:in `call'
actionpack (7.2.2.1) lib/action_dispatch/middleware/show_exceptions.rb:32:in `call'
railties (7.2.2.1) lib/rails/rack/logger.rb:41:in `call_app'
railties (7.2.2.1) lib/rails/rack/logger.rb:29:in `call'
sprockets-rails (3.5.2) lib/sprockets/rails/quiet_assets.rb:17:in `call'
actionpack (7.2.2.1) lib/action_dispatch/middleware/remote_ip.rb:96:in `call'
actionpack (7.2.2.1) lib/action_dispatch/middleware/request_id.rb:33:in `call'
rack (3.1.8) lib/rack/method_override.rb:28:in `call'
rack (3.1.8) lib/rack/runtime.rb:24:in `call'
activesupport (7.2.2.1) lib/active_support/cache/strategy/local_cache_middleware.rb:29:in `call'
actionpack (7.2.2.1) lib/action_dispatch/middleware/server_timing.rb:61:in `block in call'
actionpack (7.2.2.1) lib/action_dispatch/middleware/server_timing.rb:26:in `collect_events'
actionpack (7.2.2.1) lib/action_dispatch/middleware/server_timing.rb:60:in `call'
actionpack (7.2.2.1) lib/action_dispatch/middleware/executor.rb:16:in `call'
actionpack (7.2.2.1) lib/action_dispatch/middleware/static.rb:27:in `call'
rack (3.1.8) lib/rack/sendfile.rb:114:in `call'
actionpack (7.2.2.1) lib/action_dispatch/middleware/host_authorization.rb:143:in `call'
railties (7.2.2.1) lib/rails/engine.rb:535:in `call'
puma (6.5.0) lib/puma/configuration.rb:279:in `call'
puma (6.5.0) lib/puma/request.rb:99:in `block in handle_request'
puma (6.5.0) lib/puma/thread_pool.rb:389:in `with_force_shutdown'
puma (6.5.0) lib/puma/request.rb:98:in `handle_request'
puma (6.5.0) lib/puma/server.rb:468:in `process_client'
puma (6.5.0) lib/puma/server.rb:249:in `block in run'
puma (6.5.0) lib/puma/thread_pool.rb:166:in `block in spawn_thread'
Started GET "/" for ::1 at 2025-01-14 21:54:23 +0200
Processing by HomeController#index as HTML
  Rendering layout layouts/application.html.erb
  Rendering home/index.html.erb within layouts/application
  Rendered home/index.html.erb within layouts/application (Duration: 0.2ms | GC: 0.0ms)
  Rendered layout layouts/application.html.erb (Duration: 183.4ms | GC: 30.3ms)
Completed 200 OK in 185ms (Views: 184.2ms | ActiveRecord: 0.0ms (0 queries, 0 cached) | GC: 30.3ms)


  
ActionController::RoutingError (No route matches [GET] "/assets/_font-awesome.scss"):
  
Started GET "/manifest.json" for ::1 at 2025-01-14 21:54:24 +0200
Processing by Rails::PwaController#manifest as JSON
  Rendering pwa/manifest.json.erb
  Rendered pwa/manifest.json.erb (Duration: 0.6ms | GC: 0.0ms)
Completed 200 OK in 3ms (Views: 2.7ms | ActiveRecord: 0.0ms (0 queries, 0 cached) | GC: 0.0ms)


Started GET "/" for ::1 at 2025-01-14 21:55:31 +0200
Processing by HomeController#index as HTML
  Rendering layout layouts/application.html.erb
  Rendering home/index.html.erb within layouts/application
  Rendered home/index.html.erb within layouts/application (Duration: 0.7ms | GC: 0.2ms)
  Rendered layout layouts/application.html.erb (Duration: 0.8ms | GC: 0.2ms)
Completed 500 Internal Server Error in 2ms (ActiveRecord: 0.0ms (0 queries, 0 cached) | GC: 0.2ms)


  
ActionView::Template::Error (undefined method `icon' for #<ActionView::Base:0x00000000018b00>):

Causes:
NoMethodError (undefined method `icon' for #<ActionView::Base:0x00000000018b00>)
    1: <h1>Home</h1>
    2: <%= icon'fa-brands', 'font-awesome' %>
  
app/views/home/index.html.erb:2
Started GET "/" for ::1 at 2025-01-14 21:55:48 +0200
Processing by HomeController#index as HTML
  Rendering layout layouts/application.html.erb
  Rendering home/index.html.erb within layouts/application
  Rendered home/index.html.erb within layouts/application (Duration: 0.5ms | GC: 0.0ms)
  Rendered layout layouts/application.html.erb (Duration: 0.6ms | GC: 0.0ms)
Completed 500 Internal Server Error in 2ms (ActiveRecord: 0.0ms (0 queries, 0 cached) | GC: 0.0ms)


  
ActionView::Template::Error (undefined method `icon' for #<ActionView::Base:0x0000000001c110>):

Causes:
NoMethodError (undefined method `icon' for #<ActionView::Base:0x0000000001c110>)
    1: <h1>Home</h1>
    2: <%= icon('fa-brands', 'font-awesome') %>
  
app/views/home/index.html.erb:2
Started GET "/" for ::1 at 2025-01-14 21:55:49 +0200
Processing by HomeController#index as HTML
  Rendering layout layouts/application.html.erb
  Rendering home/index.html.erb within layouts/application
  Rendered home/index.html.erb within layouts/application (Duration: 0.8ms | GC: 0.0ms)
  Rendered layout layouts/application.html.erb (Duration: 1.3ms | GC: 0.0ms)
Completed 500 Internal Server Error in 3ms (ActiveRecord: 0.0ms (0 queries, 0 cached) | GC: 0.0ms)


  
ActionView::Template::Error (undefined method `icon' for #<ActionView::Base:0x0000000001c408>):

Causes:
NoMethodError (undefined method `icon' for #<ActionView::Base:0x0000000001c408>)
    1: <h1>Home</h1>
    2: <%= icon('fa-brands', 'font-awesome') %>
  
app/views/home/index.html.erb:2
Started GET "/" for ::1 at 2025-01-14 21:57:44 +0200
Processing by HomeController#index as HTML
  Rendering layout layouts/application.html.erb
  Rendering home/index.html.erb within layouts/application
  Rendered home/index.html.erb within layouts/application (Duration: 0.5ms | GC: 0.0ms)
  Rendered layout layouts/application.html.erb (Duration: 0.7ms | GC: 0.0ms)
Completed 500 Internal Server Error in 2ms (ActiveRecord: 0.0ms (0 queries, 0 cached) | GC: 0.0ms)


  
ActionView::Template::Error (undefined method `fa_icon' for #<ActionView::Base:0x0000000001fa68>):

Causes:
NoMethodError (undefined method `fa_icon' for #<ActionView::Base:0x0000000001fa68>)
    1: <h1>Home</h1>
    2: <%= fa_icon('fa-brands', 'font-awesome') %>
  
app/views/home/index.html.erb:2
Started GET "/" for ::1 at 2025-01-14 21:57:45 +0200
Processing by HomeController#index as HTML
  Rendering layout layouts/application.html.erb
  Rendering home/index.html.erb within layouts/application
  Rendered home/index.html.erb within layouts/application (Duration: 0.9ms | GC: 0.0ms)
  Rendered layout layouts/application.html.erb (Duration: 1.3ms | GC: 0.0ms)
Completed 500 Internal Server Error in 3ms (ActiveRecord: 0.0ms (0 queries, 0 cached) | GC: 0.0ms)


  
ActionView::Template::Error (undefined method `fa_icon' for #<ActionView::Base:0x0000000001fd60>):

Causes:
NoMethodError (undefined method `fa_icon' for #<ActionView::Base:0x0000000001fd60>)
    1: <h1>Home</h1>
    2: <%= fa_icon('fa-brands', 'font-awesome') %>
  
app/views/home/index.html.erb:2
Started GET "/" for ::1 at 2025-01-14 21:58:27 +0200
Processing by HomeController#index as HTML
  Rendering layout layouts/application.html.erb
  Rendering home/index.html.erb within layouts/application
  Rendered home/index.html.erb within layouts/application (Duration: 0.2ms | GC: 0.0ms)
  Rendered layout layouts/application.html.erb (Duration: 11.3ms | GC: 3.3ms)
Completed 200 OK in 13ms (Views: 12.2ms | ActiveRecord: 0.0ms (0 queries, 0 cached) | GC: 3.3ms)


  
ActionController::RoutingError (No route matches [GET] "/assets/_font-awesome.scss"):
  
Started GET "/manifest.json" for ::1 at 2025-01-14 21:58:27 +0200
Processing by Rails::PwaController#manifest as JSON
  Rendering pwa/manifest.json.erb
  Rendered pwa/manifest.json.erb (Duration: 0.3ms | GC: 0.0ms)
Completed 200 OK in 1ms (Views: 1.2ms | ActiveRecord: 0.0ms (0 queries, 0 cached) | GC: 0.0ms)


Started GET "/" for ::1 at 2025-01-14 21:58:28 +0200
Processing by HomeController#index as HTML
  Rendering layout layouts/application.html.erb
  Rendering home/index.html.erb within layouts/application
  Rendered home/index.html.erb within layouts/application (Duration: 0.1ms | GC: 0.0ms)
  Rendered layout layouts/application.html.erb (Duration: 3.8ms | GC: 0.0ms)
Completed 200 OK in 5ms (Views: 4.4ms | ActiveRecord: 0.0ms (0 queries, 0 cached) | GC: 0.0ms)


  
ActionController::RoutingError (No route matches [GET] "/assets/_font-awesome.scss"):
  
Started GET "/manifest.json" for ::1 at 2025-01-14 21:58:28 +0200
Processing by Rails::PwaController#manifest as JSON
  Rendering pwa/manifest.json.erb
  Rendered pwa/manifest.json.erb (Duration: 0.2ms | GC: 0.0ms)
Completed 200 OK in 1ms (Views: 0.6ms | ActiveRecord: 0.0ms (0 queries, 0 cached) | GC: 0.0ms)


Started GET "/manifest.json" for ::1 at 2025-01-14 21:58:30 +0200
Processing by Rails::PwaController#manifest as JSON
  Rendering pwa/manifest.json.erb
  
ActionController::RoutingError (No route matches [GET] "/assets/_font-awesome.scss"):
  
  Rendered pwa/manifest.json.erb (Duration: 0.3ms | GC: 0.0ms)
Completed 200 OK in 82ms (Views: 81.8ms | ActiveRecord: 0.0ms (0 queries, 0 cached) | GC: 50.1ms)


Started GET "/" for ::1 at 2025-01-14 22:00:17 +0200
Processing by HomeController#index as HTML
  Rendering layout layouts/application.html.erb
  Rendering home/index.html.erb within layouts/application
  Rendered home/index.html.erb within layouts/application (Duration: 0.2ms | GC: 0.0ms)
  Rendered layout layouts/application.html.erb (Duration: 7.6ms | GC: 0.0ms)
Completed 200 OK in 9ms (Views: 8.4ms | ActiveRecord: 0.0ms (0 queries, 0 cached) | GC: 0.0ms)


  
ActionController::RoutingError (No route matches [GET] "/assets/_font-awesome.scss"):
  
Started GET "/manifest.json" for ::1 at 2025-01-14 22:00:18 +0200
Processing by Rails::PwaController#manifest as JSON
  Rendering pwa/manifest.json.erb
  Rendered pwa/manifest.json.erb (Duration: 0.5ms | GC: 0.0ms)
Completed 200 OK in 3ms (Views: 2.2ms | ActiveRecord: 0.0ms (0 queries, 0 cached) | GC: 0.0ms)


Started GET "/" for ::1 at 2025-01-14 22:00:18 +0200
Processing by HomeController#index as HTML
  Rendering layout layouts/application.html.erb
  Rendering home/index.html.erb within layouts/application
  Rendered home/index.html.erb within layouts/application (Duration: 0.1ms | GC: 0.0ms)
  Rendered layout layouts/application.html.erb (Duration: 3.1ms | GC: 0.2ms)
Completed 200 OK in 4ms (Views: 3.6ms | ActiveRecord: 0.0ms (0 queries, 0 cached) | GC: 0.2ms)


  
ActionController::RoutingError (No route matches [GET] "/assets/_font-awesome.scss"):
  
Started GET "/manifest.json" for ::1 at 2025-01-14 22:00:18 +0200
Processing by Rails::PwaController#manifest as JSON
  Rendering pwa/manifest.json.erb
  Rendered pwa/manifest.json.erb (Duration: 0.1ms | GC: 0.0ms)
Completed 200 OK in 1ms (Views: 0.4ms | ActiveRecord: 0.0ms (0 queries, 0 cached) | GC: 0.0ms)


